0 info it worked if it ends with ok
1 verbose cli [ '/Users/Ben/.nvm/versions/node/v6.9.1/bin/node',
1 verbose cli   '/Users/Ben/.nvm/versions/node/v6.9.1/bin/npm',
1 verbose cli   'start' ]
2 info using npm@3.10.8
3 info using node@v6.9.1
4 verbose run-script [ 'prestart', 'start', 'poststart' ]
5 info lifecycle mea2-n-starter@0.0.0~prestart: mea2-n-starter@0.0.0
6 silly lifecycle mea2-n-starter@0.0.0~prestart: no script for prestart, continuing
7 info lifecycle mea2-n-starter@0.0.0~start: mea2-n-starter@0.0.0
8 verbose lifecycle mea2-n-starter@0.0.0~start: unsafe-perm in lifecycle true
9 verbose lifecycle mea2-n-starter@0.0.0~start: PATH: /Users/Ben/.nvm/versions/node/v6.9.1/lib/node_modules/npm/bin/node-gyp-bin:/Users/Ben/dev/racelocal17/racelocalalpha/racelocalalpha/public/node_modules/.bin:/Users/Ben/.yarn/bin:/Users/Ben/.nvm/versions/node/v6.9.1/bin:/Library/Frameworks/Python.framework/Versions/2.7/bin:/Library/Frameworks/Python.framework/Versions/3.5/bin:/usr/local/bin:/usr/bin:/bin:/usr/sbin:/sbin:/opt/X11/bin
10 verbose lifecycle mea2-n-starter@0.0.0~start: CWD: /Users/Ben/dev/racelocal17/racelocalalpha/racelocalalpha/public
11 silly lifecycle mea2-n-starter@0.0.0~start: Args: [ '-c', 'ng serve' ]
12 silly lifecycle mea2-n-starter@0.0.0~start: Returned: code: 1  signal: null
13 info lifecycle mea2-n-starter@0.0.0~start: Failed to exec start script
14 verbose stack Error: mea2-n-starter@0.0.0 start: `ng serve`
14 verbose stack Exit status 1
14 verbose stack     at EventEmitter.<anonymous> (/Users/Ben/.nvm/versions/node/v6.9.1/lib/node_modules/npm/lib/utils/lifecycle.js:255:16)
14 verbose stack     at emitTwo (events.js:106:13)
14 verbose stack     at EventEmitter.emit (events.js:191:7)
14 verbose stack     at ChildProcess.<anonymous> (/Users/Ben/.nvm/versions/node/v6.9.1/lib/node_modules/npm/lib/utils/spawn.js:40:14)
14 verbose stack     at emitTwo (events.js:106:13)
14 verbose stack     at ChildProcess.emit (events.js:191:7)
14 verbose stack     at maybeClose (internal/child_process.js:877:16)
14 verbose stack     at Process.ChildProcess._handle.onexit (internal/child_process.js:226:5)
15 verbose pkgid mea2-n-starter@0.0.0
16 verbose cwd /Users/Ben/dev/racelocal17/racelocalalpha/racelocalalpha/public
17 error Darwin 15.6.0
18 error argv "/Users/Ben/.nvm/versions/node/v6.9.1/bin/node" "/Users/Ben/.nvm/versions/node/v6.9.1/bin/npm" "start"
19 error node v6.9.1
20 error npm  v3.10.8
21 error code ELIFECYCLE
22 error mea2-n-starter@0.0.0 start: `ng serve`
22 error Exit status 1
23 error Failed at the mea2-n-starter@0.0.0 start script 'ng serve'.
23 error Make sure you have the latest version of node.js and npm installed.
23 error If you do, this is most likely a problem with the mea2-n-starter package,
23 error not with npm itself.
23 error Tell the author that this fails on your system:
23 error     ng serve
23 error You can get information on how to open an issue for this project with:
23 error     npm bugs mea2-n-starter
23 error Or if that isn't available, you can get their info via:
23 error     npm owner ls mea2-n-starter
23 error There is likely additional logging output above.
24 verbose exit [ 1, true ]
